<?xml version="1.0" encoding="UTF-8"?>
<!-- Generated by org.testng.reporters.JUnitReportReporter -->
<testsuite name="com.hashworks.delta_uat_automation.testcases.CRE_UX_FSD_Test_Cases" tests="1" time="606.405" ignored="0" failures="0" timestamp="03 Feb 2017 13:18:04 GMT" skipped="0" hostname="W10DMLDT12" errors="0">
  <testcase name="Hashworks" time="606.405" classname="com.hashworks.delta_uat_automation.testcases.CRE_UX_FSD_Test_Cases"/>
</testsuite> <!-- com.hashworks.delta_uat_automation.testcases.CRE_UX_FSD_Test_Cases -->
