<?xml version="1.0" encoding="UTF-8"?>
<!-- Generated by org.testng.reporters.JUnitReportReporter -->
<testsuite name="com.hashworks.delta_uat_automation.testcases.TC_1358564" tests="1" time="251.813" ignored="0" failures="0" timestamp="08 Jan 2017 16:35:48 GMT" skipped="0" hostname="WN7X64-9VDB8BS" errors="0">
  <testcase name="validateTC_1358564" time="251.813" classname="com.hashworks.delta_uat_automation.testcases.TC_1358564"/>
</testsuite> <!-- com.hashworks.delta_uat_automation.testcases.TC_1358564 -->
