<?xml version="1.0" encoding="UTF-8"?>
<!-- Generated by org.testng.reporters.JUnitReportReporter -->
<testsuite name="com.dell.delta_uat_automation.testcases.TC_1355240_AMER_Auto_Add_Parts_Depot_10BD_UI" tests="1" time="1007.038" ignored="0" failures="0" timestamp="01 Mar 2017 14:25:13 GMT" skipped="0" hostname="W10DMLDT12" errors="0">
  <testcase name="validate_TC_1355240_AMER_Auto_Add_Parts_Depot_10BD_UI" time="1007.038" classname="com.dell.delta_uat_automation.testcases.TC_1355240_AMER_Auto_Add_Parts_Depot_10BD_UI"/>
</testsuite> <!-- com.dell.delta_uat_automation.testcases.TC_1355240_AMER_Auto_Add_Parts_Depot_10BD_UI -->
