<?xml version="1.0" encoding="UTF-8"?>
<!-- Generated by org.testng.reporters.JUnitReportReporter -->
<testsuite name="com.dell.delta_uat_automation.testcases.TC_1341476_Japan_Review_Address_Verify_Dispatch_Address_UX" tests="1" time="271.060" ignored="0" failures="0" timestamp="02 Mar 2017 10:53:13 GMT" skipped="0" hostname="W10DMLDT12" errors="0">
  <testcase name="validate_TC_1341476_Japan_Review_Address_Verify_Dispatch_Address_UX" time="271.060" classname="com.dell.delta_uat_automation.testcases.TC_1341476_Japan_Review_Address_Verify_Dispatch_Address_UX"/>
</testsuite> <!-- com.dell.delta_uat_automation.testcases.TC_1341476_Japan_Review_Address_Verify_Dispatch_Address_UX -->
