<?xml version="1.0" encoding="UTF-8"?>
<!-- Generated by org.testng.reporters.JUnitReportReporter -->
<testsuite name="com.dell.delta_uat_automation.testcases.TC_1342120_AMER_Auto_Add_Parts_CFI_UX" tests="1" time="594.653" ignored="0" failures="0" timestamp="23 Feb 2017 09:44:32 GMT" skipped="0" hostname="W10DMLDT12" errors="0">
  <testcase name="validate_TC_1342120_AMER_Auto_Add_Parts_CFI_UX" time="594.653" classname="com.dell.delta_uat_automation.testcases.TC_1342120_AMER_Auto_Add_Parts_CFI_UX"/>
</testsuite> <!-- com.dell.delta_uat_automation.testcases.TC_1342120_AMER_Auto_Add_Parts_CFI_UX -->
