<?xml version="1.0" encoding="UTF-8"?>
<!-- Generated by org.testng.reporters.JUnitReportReporter -->
<testsuite name="com.dell.delta_uat_automation.testcases.TC_1341373_LA_Review_Address_Verify_and_Validate_Address_with_mandatory_State_field_UX" tests="1" time="332.833" ignored="0" failures="0" timestamp="03 Mar 2017 07:06:04 GMT" skipped="0" hostname="W10DMLDT12" errors="0">
  <testcase name="validate_TC_1341373_LA_Review_Address_Verify_and_Validate_Address_with_mandatory_State_field_UX" time="332.833" classname="com.dell.delta_uat_automation.testcases.TC_1341373_LA_Review_Address_Verify_and_Validate_Address_with_mandatory_State_field_UX"/>
</testsuite> <!-- com.dell.delta_uat_automation.testcases.TC_1341373_LA_Review_Address_Verify_and_Validate_Address_with_mandatory_State_field_UX -->
