<?xml version="1.0" encoding="UTF-8"?>
<!-- Generated by org.testng.reporters.JUnitReportReporter -->
<testsuite name="com.dell.delta_uat_automation.testcases.TC_1341810_EMEA_Auto_Add_Parts_Delete_Auto_Part_UX" tests="1" time="407.498" ignored="0" failures="0" timestamp="24 Feb 2017 21:54:49 GMT" skipped="0" hostname="W10DMLDT12" errors="0">
  <testcase name="validate_TC_1341810_EMEA_Auto_Add_Parts_Delete_Auto_Part_UX" time="407.498" classname="com.dell.delta_uat_automation.testcases.TC_1341810_EMEA_Auto_Add_Parts_Delete_Auto_Part_UX"/>
</testsuite> <!-- com.dell.delta_uat_automation.testcases.TC_1341810_EMEA_Auto_Add_Parts_Delete_Auto_Part_UX -->
