<?xml version="1.0" encoding="UTF-8"?>
<!-- Generated by org.testng.reporters.JUnitReportReporter -->
<testsuite name="com.hashworks.delta_uat_automation.testcases.Cre_Test_Cases" tests="1" time="177.032" ignored="0" failures="0" timestamp="20 Jan 2017 05:58:23 GMT" skipped="0" hostname="W1041LQD02" errors="0">
  <testcase name="Hashworks" time="177.032" classname="com.hashworks.delta_uat_automation.testcases.Cre_Test_Cases"/>
</testsuite> <!-- com.hashworks.delta_uat_automation.testcases.Cre_Test_Cases -->
