<?xml version="1.0" encoding="UTF-8"?>
<!-- Generated by org.testng.reporters.JUnitReportReporter -->
<testsuite name="com.dell.delta_uat_automation.testcases.TC_1341899_AP_PreSubmitDispatch_ReviewConfirmServiceDetails_KYHD_CompleteCareAlert_UX" tests="1" time="975.532" ignored="0" failures="0" timestamp="06 Apr 2017 07:21:31 GMT" skipped="0" hostname="W10DMLDT12" errors="0">
  <testcase name="validateTC_1341899_AP_PreSubmitDispatch_ReviewConfirmServiceDetails_KYHD_CompleteCareAlert_UX" time="975.532" classname="com.dell.delta_uat_automation.testcases.TC_1341899_AP_PreSubmitDispatch_ReviewConfirmServiceDetails_KYHD_CompleteCareAlert_UX"/>
</testsuite> <!-- com.dell.delta_uat_automation.testcases.TC_1341899_AP_PreSubmitDispatch_ReviewConfirmServiceDetails_KYHD_CompleteCareAlert_UX -->
