<?xml version="1.0" encoding="UTF-8"?>
<!-- Generated by org.testng.reporters.JUnitReportReporter -->
<testsuite name="com.dell.delta_uat_automation.testcases.TC_1341469_JAPAN_SubmitDispatch_CarDispatch_CAR_OOW_B2D_UX" tests="1" time="729.024" ignored="0" failures="0" timestamp="05 Apr 2017 09:27:24 GMT" skipped="0" hostname="W10DMLDT12" errors="0">
  <testcase name="validateTC_1341469_JAPAN_SubmitDispatch_CarDispatch_CAR_OOW_B2D_UX" time="729.024" classname="com.dell.delta_uat_automation.testcases.TC_1341469_JAPAN_SubmitDispatch_CarDispatch_CAR_OOW_B2D_UX"/>
</testsuite> <!-- com.dell.delta_uat_automation.testcases.TC_1341469_JAPAN_SubmitDispatch_CarDispatch_CAR_OOW_B2D_UX -->
