<?xml version="1.0" encoding="UTF-8"?>
<!-- Generated by org.testng.reporters.JUnitReportReporter -->
<testsuite name="com.dell.delta_uat_automation.testcases.TC_1342105_Auto_Add_Parts" tests="1" time="317.591" ignored="0" failures="0" timestamp="08 Feb 2017 18:29:04 GMT" skipped="0" hostname="W10DMLDT12" errors="0">
  <testcase name="validate_TC_1342105_Auto_Add_Parts" time="317.591" classname="com.dell.delta_uat_automation.testcases.TC_1342105_Auto_Add_Parts"/>
</testsuite> <!-- com.dell.delta_uat_automation.testcases.TC_1342105_Auto_Add_Parts -->
