<?xml version="1.0" encoding="UTF-8"?>
<!-- Generated by org.testng.reporters.JUnitReportReporter -->
<testsuite name="com.dell.delta_uat_automation.testcases.TC_1341471_JAPAN_SubmitDispatch_CARDispatch_ManualAddInstructions_UX" tests="1" time="709.426" ignored="0" failures="0" timestamp="05 Apr 2017 17:28:19 GMT" skipped="0" hostname="W10DMLDT12" errors="0">
  <testcase name="validateTC_1341471_JAPAN_SubmitDispatch_CARDispatch_ManualAddInstructions_UX" time="709.426" classname="com.dell.delta_uat_automation.testcases.TC_1341471_JAPAN_SubmitDispatch_CARDispatch_ManualAddInstructions_UX"/>
</testsuite> <!-- com.dell.delta_uat_automation.testcases.TC_1341471_JAPAN_SubmitDispatch_CARDispatch_ManualAddInstructions_UX -->
