<?xml version="1.0" encoding="UTF-8"?>
<!-- Generated by org.testng.reporters.JUnitReportReporter -->
<testsuite name="com.dell.delta_uat_automation.testcases.TC_1341473_Japan_Verifying_the_saved_entities_DSP_Override_and_KYHD_UX" tests="1" time="407.465" ignored="0" failures="0" timestamp="23 Feb 2017 11:41:12 GMT" skipped="0" hostname="W10DMLDT12" errors="0">
  <testcase name="validate_TC_1341473_Japan_Verifying_the_saved_entities_DSP_Override_and_KYHD_UX" time="407.465" classname="com.dell.delta_uat_automation.testcases.TC_1341473_Japan_Verifying_the_saved_entities_DSP_Override_and_KYHD_UX"/>
</testsuite> <!-- com.dell.delta_uat_automation.testcases.TC_1341473_Japan_Verifying_the_saved_entities_DSP_Override_and_KYHD_UX -->
