<?xml version="1.0" encoding="UTF-8"?>
<!-- Generated by org.testng.reporters.JUnitReportReporter -->
<testsuite name="com.dell.delta_uat_automation.testcases.TC_1342133_AMER_Auto_Add_Parts_Data_Recovery_UX" tests="1" time="753.466" ignored="0" failures="0" timestamp="24 Feb 2017 19:16:09 GMT" skipped="0" hostname="W10DMLDT12" errors="0">
  <testcase name="validate_TC_1342133_AMER_Auto_Add_Parts_Data_Recovery_UX" time="753.466" classname="com.dell.delta_uat_automation.testcases.TC_1342133_AMER_Auto_Add_Parts_Data_Recovery_UX"/>
</testsuite> <!-- com.dell.delta_uat_automation.testcases.TC_1342133_AMER_Auto_Add_Parts_Data_Recovery_UX -->
