<?xml version="1.0" encoding="UTF-8"?>
<!-- Generated by org.testng.reporters.JUnitReportReporter -->
<testsuite name="com.dell.delta_uat_automation.testcases.TC_1358564_BreakFix_PartsOnly" tests="1" time="417.333" ignored="0" failures="0" timestamp="05 Feb 2017 12:40:46 GMT" skipped="0" hostname="W10DMLDT12" errors="0">
  <testcase name="validateTC_1358564_BreakFix_PartsOnly" time="417.333" classname="com.dell.delta_uat_automation.testcases.TC_1358564_BreakFix_PartsOnly"/>
</testsuite> <!-- com.dell.delta_uat_automation.testcases.TC_1358564_BreakFix_PartsOnly -->
