<?xml version="1.0" encoding="UTF-8"?>
<!-- Generated by org.testng.reporters.JUnitReportReporter -->
<testsuite name="com.dell.delta_uat_automation.testcases.TC_1342131_AMER_Dynamic_Dispatch_CUSTOM_SKU_PartsAndLabor_UX" tests="1" time="548.595" ignored="0" failures="0" timestamp="14 Mar 2017 07:50:38 GMT" skipped="0" hostname="W1041LQD02" errors="0">
  <testcase name="validateTC_1341803_EMEA_Happy_Path_PartsAndLabor_UX" time="548.595" classname="com.dell.delta_uat_automation.testcases.TC_1342131_AMER_Dynamic_Dispatch_CUSTOM_SKU_PartsAndLabor_UX"/>
</testsuite> <!-- com.dell.delta_uat_automation.testcases.TC_1342131_AMER_Dynamic_Dispatch_CUSTOM_SKU_PartsAndLabor_UX -->
