<?xml version="1.0" encoding="UTF-8"?>
<!-- Generated by org.testng.reporters.JUnitReportReporter -->
<testsuite name="com.dell.delta_uat_automation.testcases.TC_2255443_Global_Account_Screen_Verify_Priority_field_Addition_in_Messages_sub_tab_UI" tests="1" time="379.550" ignored="0" failures="0" timestamp="19 Apr 2017 09:18:37 GMT" skipped="0" hostname="W1041LQD02" errors="0">
  <testcase name="validate_TC_2255443_Global_Account_Screen_Verify_Priority_field_Addition_in_Messages_sub_tab_UI" time="379.550" classname="com.dell.delta_uat_automation.testcases.TC_2255443_Global_Account_Screen_Verify_Priority_field_Addition_in_Messages_sub_tab_UI"/>
</testsuite> <!-- com.dell.delta_uat_automation.testcases.TC_2255443_Global_Account_Screen_Verify_Priority_field_Addition_in_Messages_sub_tab_UI -->
