<?xml version="1.0" encoding="UTF-8"?>
<!-- Generated by org.testng.reporters.JUnitReportReporter -->
<testsuite name="com.demo.testcases.TC01_VerifyLogin" tests="1" time="0.154" ignored="0" failures="0" timestamp="28 Dec 2016 23:35:24 GMT" skipped="0" hostname="hashworks" errors="0">
  <testcase name="validateLogin" time="0.154" classname="com.demo.testcases.TC01_VerifyLogin"/>
</testsuite> <!-- com.demo.testcases.TC01_VerifyLogin -->
