<?xml version="1.0" encoding="UTF-8"?>
<!-- Generated by org.testng.reporters.JUnitReportReporter -->
<testsuite name="com.dell.delta_uat_automation.testcases.TC_1341482_Japan_Confirm_Service_Details_Override_SLA_Deferrals_UX" tests="1" time="572.879" ignored="0" failures="0" timestamp="02 Mar 2017 13:45:25 GMT" skipped="0" hostname="W10DMLDT12" errors="0">
  <testcase name="validate_TC_1341482_Japan_Confirm_Service_Details_Override_SLA_Deferrals_UX" time="572.879" classname="com.dell.delta_uat_automation.testcases.TC_1341482_Japan_Confirm_Service_Details_Override_SLA_Deferrals_UX"/>
</testsuite> <!-- com.dell.delta_uat_automation.testcases.TC_1341482_Japan_Confirm_Service_Details_Override_SLA_Deferrals_UX -->
