<?xml version="1.0" encoding="UTF-8"?>
<!-- Generated by org.testng.reporters.JUnitReportReporter -->
<testsuite name="com.dell.delta_uat_automation.testcases.TC_1361539_Global_TC045_Delta_Verifying_the_Order_Line_items_view_UI" tests="1" time="359.744" ignored="0" failures="0" timestamp="19 Apr 2017 08:54:45 GMT" skipped="0" hostname="W1041LQD02" errors="0">
  <testcase name="validate_TC_1361539_Global_TC045_Delta_Verifying_the_Order_Line_items_view_UI" time="359.744" classname="com.dell.delta_uat_automation.testcases.TC_1361539_Global_TC045_Delta_Verifying_the_Order_Line_items_view_UI"/>
</testsuite> <!-- com.dell.delta_uat_automation.testcases.TC_1361539_Global_TC045_Delta_Verifying_the_Order_Line_items_view_UI -->
