<?xml version="1.0" encoding="UTF-8"?>
<!-- Generated by org.testng.reporters.JUnitReportReporter -->
<testsuite name="com.dell.delta_uat_automation.testcases.TC_1341377_LA_Review_Address_Verify_and_Validate_Address_Fields_Brazil_Country_UX" tests="1" time="318.884" ignored="0" failures="0" timestamp="06 Mar 2017 11:09:32 GMT" skipped="0" hostname="W10DMLDT12" errors="0">
  <testcase name="validate_TC_1341377_LA_Review_Address_Verify_and_Validate_Address_Fields_Brazil_Country_UX" time="318.884" classname="com.dell.delta_uat_automation.testcases.TC_1341377_LA_Review_Address_Verify_and_Validate_Address_Fields_Brazil_Country_UX"/>
</testsuite> <!-- com.dell.delta_uat_automation.testcases.TC_1341377_LA_Review_Address_Verify_and_Validate_Address_Fields_Brazil_Country_UX -->
