<?xml version="1.0" encoding="UTF-8"?>
<!-- Generated by org.testng.reporters.JUnitReportReporter -->
<testsuite name="com.dell.delta_uat_automation.testcases.TC_1341468_JAPAN_SubmitDispatch_CARDispatch_IW_B2D_UX" tests="1" time="725.925" ignored="0" failures="0" timestamp="05 Apr 2017 08:52:26 GMT" skipped="0" hostname="W10DMLDT12" errors="0">
  <testcase name="validateTC_1341468_JAPAN_SubmitDispatch_CARDispatch_IW_B2D_UX" time="725.925" classname="com.dell.delta_uat_automation.testcases.TC_1341468_JAPAN_SubmitDispatch_CARDispatch_IW_B2D_UX"/>
</testsuite> <!-- com.dell.delta_uat_automation.testcases.TC_1341468_JAPAN_SubmitDispatch_CARDispatch_IW_B2D_UX -->
