<?xml version="1.0" encoding="UTF-8"?>
<!-- Generated by org.testng.reporters.JUnitReportReporter -->
<testsuite name="com.dell.delta_uat_automation.testcases.TC_1341887_AP_FSD_ReviewConfirmationServiceDetails_ConfirmServiceDetails_UX" tests="1" time="665.430" ignored="0" failures="0" timestamp="05 Apr 2017 05:23:13 GMT" skipped="0" hostname="W10DMLDT12" errors="0">
  <testcase name="validateTC_1341887_AP_FSD_ReviewConfirmationServiceDetails_ConfirmServiceDetails_UX" time="665.430" classname="com.dell.delta_uat_automation.testcases.TC_1341887_AP_FSD_ReviewConfirmationServiceDetails_ConfirmServiceDetails_UX"/>
</testsuite> <!-- com.dell.delta_uat_automation.testcases.TC_1341887_AP_FSD_ReviewConfirmationServiceDetails_ConfirmServiceDetails_UX -->
