<?xml version="1.0" encoding="UTF-8"?>
<!-- Generated by org.testng.reporters.JUnitReportReporter -->
<testsuite name="com.dell.delta_uat_automation.testcases.TC_1341375_LA_Dynamic_Dispatch_Labor_Only_Venezuela_UX" tests="1" time="594.840" ignored="0" failures="0" timestamp="14 Mar 2017 10:29:31 GMT" skipped="0" hostname="W1041LQD02" errors="0">
  <testcase name="validateTC_1342147_AMER_Happy_Path_Labor_Only_UX" time="594.840" classname="com.dell.delta_uat_automation.testcases.TC_1341375_LA_Dynamic_Dispatch_Labor_Only_Venezuela_UX"/>
</testsuite> <!-- com.dell.delta_uat_automation.testcases.TC_1341375_LA_Dynamic_Dispatch_Labor_Only_Venezuela_UX -->
