<?xml version="1.0" encoding="UTF-8"?>
<!-- Generated by org.testng.reporters.JUnitReportReporter -->
<testsuite name="com.hashworks.delta_uat_automation.testcases.TC01_VerifyLogin" tests="1" time="0.006" ignored="0" failures="0" timestamp="05 Jan 2017 10:19:09 GMT" skipped="0" hostname="WN7X64-9VDB8BS" errors="0">
  <testcase name="validateLogin" time="0.006" classname="com.hashworks.delta_uat_automation.testcases.TC01_VerifyLogin"/>
</testsuite> <!-- com.hashworks.delta_uat_automation.testcases.TC01_VerifyLogin -->
