<?xml version="1.0" encoding="UTF-8"?>
<!-- Generated by org.testng.reporters.JUnitReportReporter -->
<testsuite name="com.dell.delta_uat_automation.testcases.TC_1341475_Japan_Verifying_the_saved_entities_DSP_Override_and_KYHD_UX" tests="1" time="473.869" ignored="0" failures="0" timestamp="24 Feb 2017 22:14:36 GMT" skipped="0" hostname="W10DMLDT12" errors="0">
  <testcase name="validate_TC_1341475_Japan_Verifying_the_saved_entities_DSP_Override_and_KYHD_UX" time="473.869" classname="com.dell.delta_uat_automation.testcases.TC_1341475_Japan_Verifying_the_saved_entities_DSP_Override_and_KYHD_UX"/>
</testsuite> <!-- com.dell.delta_uat_automation.testcases.TC_1341475_Japan_Verifying_the_saved_entities_DSP_Override_and_KYHD_UX -->
