<?xml version="1.0" encoding="UTF-8"?>
<!-- Generated by org.testng.reporters.JUnitReportReporter -->
<testsuite name="com.dell.delta_uat_automation.testcases.TC_1904633_Global_TC001_UX_Global_SR_Screen_Entitlements_Info_UX" tests="1" time="104.652" ignored="0" failures="0" timestamp="20 Apr 2017 10:51:11 GMT" skipped="0" hostname="W1041LQD02" errors="0">
  <testcase name="validate_TC_1904633_Global_TC001_UX_Global_SR_Screen_Entitlements_Info_UX" time="104.652" classname="com.dell.delta_uat_automation.testcases.TC_1904633_Global_TC001_UX_Global_SR_Screen_Entitlements_Info_UX"/>
</testsuite> <!-- com.dell.delta_uat_automation.testcases.TC_1904633_Global_TC001_UX_Global_SR_Screen_Entitlements_Info_UX -->
