<?xml version="1.0" encoding="UTF-8"?>
<!-- Generated by org.testng.reporters.JUnitReportReporter -->
<testsuite skipped="0" hostname="hashworks-Satellite-C50-A" name="com.minervaa_automation.testcases.TC_12_Sign_In_Email_Field_Validation" tests="1" failures="0" timestamp="23 Apr 2019 09:43:21 GMT" time="0.014" errors="0">
  <testcase name="validate_TC_12_Sign_In_Email_Field_Validation" time="0.014" classname="com.minervaa_automation.testcases.TC_12_Sign_In_Email_Field_Validation"/>
</testsuite> <!-- com.minervaa_automation.testcases.TC_12_Sign_In_Email_Field_Validation -->
