<?xml version="1.0" encoding="UTF-8"?>
<!-- Generated by org.testng.reporters.JUnitReportReporter -->
<testsuite name="com.dell.delta_uat_automation.testcases.TC_1341480_Japan_Confirm_Service_Details_Override_DSP_UX" tests="1" time="422.971" ignored="0" failures="0" timestamp="27 Feb 2017 05:12:36 GMT" skipped="0" hostname="W10DMLDT12" errors="0">
  <testcase name="validate_TC_1341480_Japan_Confirm_Service_Details_Override_DSP_UX" time="422.971" classname="com.dell.delta_uat_automation.testcases.TC_1341480_Japan_Confirm_Service_Details_Override_DSP_UX"/>
</testsuite> <!-- com.dell.delta_uat_automation.testcases.TC_1341480_Japan_Confirm_Service_Details_Override_DSP_UX -->
