<?xml version="1.0" encoding="UTF-8"?>
<!-- Generated by org.testng.reporters.JUnitReportReporter -->
<testsuite name="com.dell.delta_uat_automation.testcases.TC_1341470_JAPAN_SubmitDispatch_CarDispatch_CAR_IW_B2C_UX" tests="1" time="681.219" ignored="0" failures="0" timestamp="05 Apr 2017 13:05:12 GMT" skipped="0" hostname="W10DMLDT12" errors="0">
  <testcase name="validate_TC_1341470_JAPAN_SubmitDispatch_CarDispatch_CAR_IW_B2C_UX" time="681.219" classname="com.dell.delta_uat_automation.testcases.TC_1341470_JAPAN_SubmitDispatch_CarDispatch_CAR_IW_B2C_UX"/>
</testsuite> <!-- com.dell.delta_uat_automation.testcases.TC_1341470_JAPAN_SubmitDispatch_CarDispatch_CAR_IW_B2C_UX -->
