<?xml version="1.0" encoding="UTF-8"?>
<!-- Generated by org.testng.reporters.JUnitReportReporter -->
<testsuite name="com.dell.delta_uat_automation.testcases.TC_1355124_AMER_Auto_Add_Parts_KYHD_UI" tests="1" time="481.297" ignored="0" failures="0" timestamp="24 Feb 2017 05:05:13 GMT" skipped="0" hostname="W10DMLDT12" errors="0">
  <testcase name="validate_TC_1355124_AMER_Auto_Add_Parts_KYHD_UI" time="481.297" classname="com.dell.delta_uat_automation.testcases.TC_1355124_AMER_Auto_Add_Parts_KYHD_UI"/>
</testsuite> <!-- com.dell.delta_uat_automation.testcases.TC_1355124_AMER_Auto_Add_Parts_KYHD_UI -->
