<?xml version="1.0" encoding="UTF-8"?>
<!-- Generated by org.testng.reporters.JUnitReportReporter -->
<testsuite name="com.dell.delta_uat_automation.testcases.TC_1341365_LA_Dynamic_Dispatch_CUSTOM_SKU_PartsAndLabor_UX" tests="1" time="451.099" ignored="0" failures="0" timestamp="06 Apr 2017 06:39:16 GMT" skipped="0" hostname="W10DMLDT12" errors="0">
  <testcase name="validateTC_1341365_LA_Dynamic_Dispatch_CUSTOM_SKU_PartsAndLabor_UX" time="451.099" classname="com.dell.delta_uat_automation.testcases.TC_1341365_LA_Dynamic_Dispatch_CUSTOM_SKU_PartsAndLabor_UX"/>
</testsuite> <!-- com.dell.delta_uat_automation.testcases.TC_1341365_LA_Dynamic_Dispatch_CUSTOM_SKU_PartsAndLabor_UX -->
