<?xml version="1.0" encoding="UTF-8"?>
<!-- Generated by org.testng.reporters.JUnitReportReporter -->
<testsuite name="com.dell.delta_uat_automation.testcases.TC_1341809_EMEA_Edit_Coverage_Code_and_Category_UX" tests="1" time="684.603" ignored="0" failures="0" timestamp="24 Feb 2017 20:09:03 GMT" skipped="0" hostname="W10DMLDT12" errors="0">
  <testcase name="validate_TC_1341809_EMEA_Edit_Coverage_Code_and_Category_UX" time="684.603" classname="com.dell.delta_uat_automation.testcases.TC_1341809_EMEA_Edit_Coverage_Code_and_Category_UX"/>
</testsuite> <!-- com.dell.delta_uat_automation.testcases.TC_1341809_EMEA_Edit_Coverage_Code_and_Category_UX -->
