<?xml version="1.0" encoding="UTF-8"?>
<!-- Generated by org.testng.reporters.JUnitReportReporter -->
<testsuite name="com.dell.delta_uat_automation.testcases.TC_1341811_EMEA_Review_Address_Update_address_source_record_UX" tests="1" time="776.051" ignored="0" failures="0" timestamp="27 Feb 2017 17:21:14 GMT" skipped="0" hostname="W10DMLDT12" errors="0">
  <testcase name="validate_TC_1341811_EMEA_Review_Address_Update_address_source_record_UX" time="776.051" classname="com.dell.delta_uat_automation.testcases.TC_1341811_EMEA_Review_Address_Update_address_source_record_UX"/>
</testsuite> <!-- com.dell.delta_uat_automation.testcases.TC_1341811_EMEA_Review_Address_Update_address_source_record_UX -->
