<?xml version="1.0" encoding="UTF-8"?>
<!-- Generated by org.testng.reporters.JUnitReportReporter -->
<testsuite name="com.dell.delta_uat_automation.testcases.TC_1341815_EMEA_Review_Address_add_or_update_alt_account_UX" tests="1" time="444.511" ignored="0" failures="0" timestamp="28 Feb 2017 14:04:39 GMT" skipped="0" hostname="W10DMLDT12" errors="0">
  <testcase name="validate_TC_1341815_EMEA_Review_Address_add_or_update_alt_account_UX" time="444.511" classname="com.dell.delta_uat_automation.testcases.TC_1341815_EMEA_Review_Address_add_or_update_alt_account_UX"/>
</testsuite> <!-- com.dell.delta_uat_automation.testcases.TC_1341815_EMEA_Review_Address_add_or_update_alt_account_UX -->
