<?xml version="1.0" encoding="UTF-8"?>
<!-- Generated by org.testng.reporters.JUnitReportReporter -->
<testsuite name="com.dell.delta_uat_automation.testcases.TC_1341483_JAPAN_SubmitDispatch_CARDispatch_NonBilliable_UX" tests="1" time="700.408" ignored="0" failures="0" timestamp="06 Apr 2017 05:20:23 GMT" skipped="0" hostname="W10DMLDT12" errors="0">
  <testcase name="validateTC_1341483_JAPAN_SubmitDispatch_CARDispatch_NonBilliable_UX" time="700.408" classname="com.dell.delta_uat_automation.testcases.TC_1341483_JAPAN_SubmitDispatch_CARDispatch_NonBilliable_UX"/>
</testsuite> <!-- com.dell.delta_uat_automation.testcases.TC_1341483_JAPAN_SubmitDispatch_CARDispatch_NonBilliable_UX -->
