<?xml version="1.0" encoding="UTF-8"?>
<!-- Generated by org.testng.reporters.JUnitReportReporter -->
<testsuite name="com.dell.delta_uat_automation.testcases.TC_1341813_EMEA_Review_Address_Update_Service_Location_address_for_the_Asset_UX" tests="1" time="354.852" ignored="0" failures="0" timestamp="27 Feb 2017 12:48:54 GMT" skipped="0" hostname="W10DMLDT12" errors="0">
  <testcase name="validate_TC_1341813_EMEA_Review_Address_Update_Service_Location_address_for_the_Asset_UX" time="354.852" classname="com.dell.delta_uat_automation.testcases.TC_1341813_EMEA_Review_Address_Update_Service_Location_address_for_the_Asset_UX"/>
</testsuite> <!-- com.dell.delta_uat_automation.testcases.TC_1341813_EMEA_Review_Address_Update_Service_Location_address_for_the_Asset_UX -->
