<?xml version="1.0" encoding="UTF-8"?>
<!-- Generated by org.testng.reporters.JUnitReportReporter -->
<testsuite name="com.dell.delta_uat_automation.testcases.TC_1342140_AMER_Dynamic_Dispatch_Labor_Only_Oklahoma_UX" tests="1" time="327.933" ignored="0" failures="0" timestamp="14 Mar 2017 10:43:23 GMT" skipped="0" hostname="W1041LQD02" errors="0">
  <testcase name="validateTC_1342147_AMER_Happy_Path_Labor_Only_UX" time="327.933" classname="com.dell.delta_uat_automation.testcases.TC_1342140_AMER_Dynamic_Dispatch_Labor_Only_Oklahoma_UX"/>
</testsuite> <!-- com.dell.delta_uat_automation.testcases.TC_1342140_AMER_Dynamic_Dispatch_Labor_Only_Oklahoma_UX -->
