<?xml version="1.0" encoding="UTF-8"?>
<!-- Generated by org.testng.reporters.JUnitReportReporter -->
<testsuite name="com.dell.delta_uat_automation.testcases.TC_1341811_Update_address_source_record" tests="1" time="346.988" ignored="0" failures="0" timestamp="07 Feb 2017 06:48:25 GMT" skipped="0" hostname="W10DMLDT12" errors="0">
  <testcase name="validate_TC_1341811_Update_address_source_record" time="346.988" classname="com.dell.delta_uat_automation.testcases.TC_1341811_Update_address_source_record"/>
</testsuite> <!-- com.dell.delta_uat_automation.testcases.TC_1341811_Update_address_source_record -->
