<?xml version="1.0" encoding="UTF-8"?>
<!-- Generated by org.testng.reporters.JUnitReportReporter -->
<testsuite name="com.dell.delta_uat_automation.testcases.TC_1342132_AMER_Dynamic_Dispatch_CUSTOM_SKU_Labor_Only_UX" tests="1" time="437.842" ignored="0" failures="0" timestamp="09 Mar 2017 11:46:26 GMT" skipped="0" hostname="W1041LQD02" errors="0">
  <testcase name="validateTC_1342147_AMER_Happy_Path_Labor_Only_UX" time="437.842" classname="com.dell.delta_uat_automation.testcases.TC_1342132_AMER_Dynamic_Dispatch_CUSTOM_SKU_Labor_Only_UX"/>
</testsuite> <!-- com.dell.delta_uat_automation.testcases.TC_1342132_AMER_Dynamic_Dispatch_CUSTOM_SKU_Labor_Only_UX -->
