<?xml version="1.0" encoding="UTF-8"?>
<!-- Generated by org.testng.reporters.JUnitReportReporter -->
<testsuite name="com.dell.delta_uat_automation.testcases.TC_1352611_JAPAN_TC012_Global_create_a_new_SR_in_Pick_Service_Request_Applet_order_based_UI" tests="1" time="636.660" ignored="0" failures="0" timestamp="06 Apr 2017 07:50:05 GMT" skipped="0" hostname="W10DMLDT12" errors="0">
  <testcase name="validateTC_1352611_JAPAN_TC012_Global_create_a_new_SR_in_Pick_Service_Request_Applet_order_based_UI" time="636.660" classname="com.dell.delta_uat_automation.testcases.TC_1352611_JAPAN_TC012_Global_create_a_new_SR_in_Pick_Service_Request_Applet_order_based_UI"/>
</testsuite> <!-- com.dell.delta_uat_automation.testcases.TC_1352611_JAPAN_TC012_Global_create_a_new_SR_in_Pick_Service_Request_Applet_order_based_UI -->
